<?xml version="1.0" encoding="UTF-8"?>
<!-- Generated by org.testng.reporters.JUnitReportReporter -->
<testsuite hostname="Autoboz" failures="0" tests="1" name="br.com.blogdoagi.tests.BlogTests" time="0.192" errors="0" timestamp="2024-05-27T12:57:26 BRT" skipped="0">
  <testcase classname="br.com.blogdoagi.tests.BlogTests" name="validaMenuOagibank" time="0.192"/>
</testsuite> <!-- br.com.blogdoagi.tests.BlogTests -->
