<?xml version="1.0" encoding="UTF-8"?>
<!-- Generated by org.testng.reporters.JUnitReportReporter -->
<testsuite hostname="Autoboz" failures="0" tests="5" name="br.com.blogdoagi.tests.BlogTests" time="4.279" errors="0" timestamp="2024-05-28T19:08:21 BRT" skipped="0">
  <testcase classname="br.com.blogdoagi.tests.BlogTests" name="validaAcessoHomePage" time="0.956"/>
  <testcase classname="br.com.blogdoagi.tests.BlogTests" name="validaMenuHomePage" time="0.532"/>
  <testcase classname="br.com.blogdoagi.tests.BlogTests" name="validaQuantPostsNaBusca" time="0.663"/>
  <testcase classname="br.com.blogdoagi.tests.BlogTests" name="fluxoBuscaVagasSucesso" time="1.125"/>
  <testcase classname="br.com.blogdoagi.tests.BlogTests" name="acessarCarreiraPage" time="1.003"/>
</testsuite> <!-- br.com.blogdoagi.tests.BlogTests -->
